# JRE version: Java(TM) SE Runtime Environment (23.0+37) (build 23+37-2369)
# Java VM: Java HotSpot(TM) 64-Bit Server VM (23+37-2369, mixed mode, sharing, tiered, compressed oops, compressed class ptrs, g1 gc, windows-amd64)
GC Precious Log:
 CardTable entry size: 512
 Card Set container configuration: InlinePtr #cards 5 size 8 Array Of Cards #cards 10 size 36 Howl #buckets 4 coarsen threshold 1843 Howl Bitmap #cards 512 size 80 coarsen threshold 460 Card regions per heap region 1 cards per card region 2048
 CPUs: 12 total, 12 available
 Memory: 7597M
 Large Page Support: Disabled
 NUMA Support: Disabled
 Compressed Oops: Enabled (32-bit)
 Heap Region Size: 1M
 Heap Min Capacity: 8M
 Heap Initial Capacity: 120M
 Heap Max Capacity: 1G
 Pre-touch: Disabled
 Parallel Workers: 10
 Concurrent Workers: 3
 Concurrent Refinement Workers: 10
 Periodic GC: Disabled
Heap:
 garbage-first heap   total reserved 1048576K, committed 97280K, used 59434K [0x00000000c0000000, 0x0000000100000000)
  region size 1024K, 4 young (4096K), 1 survivors (1024K)
 Metaspace       used 59382K, committed 61312K, reserved 278528K
  class space    used 8796K, committed 9728K, reserved 212992K
GC Heap History (20 events):
Event: 47.676 GC heap before
{Heap before GC invocations=9 (full 0):
 garbage-first heap   total reserved 1048576K, committed 94208K, used 38963K [0x00000000c0000000, 0x0000000100000000)
  region size 1024K, 8 young (8192K), 5 survivors (5120K)
 Metaspace       used 34927K, committed 35968K, reserved 278528K
  class space    used 5013K, committed 5504K, reserved 212992K
}
Event: 47.684 GC heap after
{Heap after GC invocations=10 (full 0):
 garbage-first heap   total reserved 1048576K, committed 94208K, used 34731K [0x00000000c0000000, 0x0000000100000000)
  region size 1024K, 1 young (1024K), 1 survivors (1024K)
 Metaspace       used 34927K, committed 35968K, reserved 278528K
  class space    used 5013K, committed 5504K, reserved 212992K
}
Event: 49.988 GC heap before
{Heap before GC invocations=11 (full 0):
 garbage-first heap   total reserved 1048576K, committed 94208K, used 79787K [0x00000000c0000000, 0x0000000100000000)
  region size 1024K, 43 young (44032K), 1 survivors (1024K)
 Metaspace       used 37970K, committed 39232K, reserved 278528K
  class space    used 5372K, committed 5952K, reserved 212992K
}
Event: 49.996 GC heap after
{Heap after GC invocations=12 (full 0):
 garbage-first heap   total reserved 1048576K, committed 94208K, used 34531K [0x00000000c0000000, 0x0000000100000000)
  region size 1024K, 3 young (3072K), 3 survivors (3072K)
 Metaspace       used 37970K, committed 39232K, reserved 278528K
  class space    used 5372K, committed 5952K, reserved 212992K
}
Event: 53.804 GC heap before
{Heap before GC invocations=12 (full 0):
 garbage-first heap   total reserved 1048576K, committed 94208K, used 78563K [0x00000000c0000000, 0x0000000100000000)
  region size 1024K, 46 young (47104K), 3 survivors (3072K)
 Metaspace       used 42725K, committed 44288K, reserved 278528K
  class space    used 6192K, committed 6912K, reserved 212992K
}
Event: 53.813 GC heap after
{Heap after GC invocations=13 (full 0):
 garbage-first heap   total reserved 1048576K, committed 94208K, used 36950K [0x00000000c0000000, 0x0000000100000000)
  region size 1024K, 5 young (5120K), 5 survivors (5120K)
 Metaspace       used 42725K, committed 44288K, reserved 278528K
  class space    used 6192K, committed 6912K, reserved 212992K
}
Event: 56.327 GC heap before
{Heap before GC invocations=13 (full 0):
 garbage-first heap   total reserved 1048576K, committed 94208K, used 80982K [0x00000000c0000000, 0x0000000100000000)
  region size 1024K, 48 young (49152K), 5 survivors (5120K)
 Metaspace       used 45072K, committed 46720K, reserved 278528K
  class space    used 6591K, committed 7360K, reserved 212992K
}
Event: 56.336 GC heap after
{Heap after GC invocations=14 (full 0):
 garbage-first heap   total reserved 1048576K, committed 94208K, used 39401K [0x00000000c0000000, 0x0000000100000000)
  region size 1024K, 5 young (5120K), 5 survivors (5120K)
 Metaspace       used 45072K, committed 46720K, reserved 278528K
  class space    used 6591K, committed 7360K, reserved 212992K
}
Event: 60.211 GC heap before
{Heap before GC invocations=14 (full 0):
 garbage-first heap   total reserved 1048576K, committed 94208K, used 82409K [0x00000000c0000000, 0x0000000100000000)
  region size 1024K, 47 young (48128K), 5 survivors (5120K)
 Metaspace       used 49430K, committed 51264K, reserved 278528K
  class space    used 7330K, committed 8192K, reserved 212992K
}
Event: 60.224 GC heap after
{Heap after GC invocations=15 (full 0):
 garbage-first heap   total reserved 1048576K, committed 94208K, used 41502K [0x00000000c0000000, 0x0000000100000000)
  region size 1024K, 5 young (5120K), 5 survivors (5120K)
 Metaspace       used 49430K, committed 51264K, reserved 278528K
  class space    used 7330K, committed 8192K, reserved 212992K
}
Event: 63.452 GC heap before
{Heap before GC invocations=15 (full 0):
 garbage-first heap   total reserved 1048576K, committed 94208K, used 80414K [0x00000000c0000000, 0x0000000100000000)
  region size 1024K, 44 young (45056K), 5 survivors (5120K)
 Metaspace       used 50822K, committed 52672K, reserved 278528K
  class space    used 7481K, committed 8384K, reserved 212992K
}
Event: 63.465 GC heap after
{Heap after GC invocations=16 (full 0):
 garbage-first heap   total reserved 1048576K, committed 94208K, used 45905K [0x00000000c0000000, 0x0000000100000000)
  region size 1024K, 6 young (6144K), 6 survivors (6144K)
 Metaspace       used 50822K, committed 52672K, reserved 278528K
  class space    used 7481K, committed 8384K, reserved 212992K
}
Event: 66.889 GC heap before
{Heap before GC invocations=16 (full 0):
 garbage-first heap   total reserved 1048576K, committed 94208K, used 81745K [0x00000000c0000000, 0x0000000100000000)
  region size 1024K, 41 young (41984K), 6 survivors (6144K)
 Metaspace       used 55176K, committed 57152K, reserved 278528K
  class space    used 8202K, committed 9152K, reserved 212992K
}
Event: 66.900 GC heap after
{Heap after GC invocations=17 (full 0):
 garbage-first heap   total reserved 1048576K, committed 94208K, used 48126K [0x00000000c0000000, 0x0000000100000000)
  region size 1024K, 3 young (3072K), 3 survivors (3072K)
 Metaspace       used 55176K, committed 57152K, reserved 278528K
  class space    used 8202K, committed 9152K, reserved 212992K
}
Event: 67.416 GC heap before
{Heap before GC invocations=17 (full 0):
 garbage-first heap   total reserved 1048576K, committed 94208K, used 52222K [0x00000000c0000000, 0x0000000100000000)
  region size 1024K, 8 young (8192K), 3 survivors (3072K)
 Metaspace       used 55456K, committed 57472K, reserved 278528K
  class space    used 8246K, committed 9216K, reserved 212992K
}
Event: 67.423 GC heap after
{Heap after GC invocations=18 (full 0):
 garbage-first heap   total reserved 1048576K, committed 94208K, used 48159K [0x00000000c0000000, 0x0000000100000000)
  region size 1024K, 3 young (3072K), 3 survivors (3072K)
 Metaspace       used 55456K, committed 57472K, reserved 278528K
  class space    used 8246K, committed 9216K, reserved 212992K
}
Event: 70.352 GC heap before
{Heap before GC invocations=19 (full 0):
 garbage-first heap   total reserved 1048576K, committed 94208K, used 91167K [0x00000000c0000000, 0x0000000100000000)
  region size 1024K, 38 young (38912K), 3 survivors (3072K)
 Metaspace       used 59096K, committed 61056K, reserved 278528K
  class space    used 8756K, committed 9664K, reserved 212992K
}
Event: 72.376 GC heap after
{Heap after GC invocations=20 (full 0):
 garbage-first heap   total reserved 1048576K, committed 97280K, used 57065K [0x00000000c0000000, 0x0000000100000000)
  region size 1024K, 5 young (5120K), 5 survivors (5120K)
 Metaspace       used 59096K, committed 61056K, reserved 278528K
  class space    used 8756K, committed 9664K, reserved 212992K
}
Event: 72.403 GC heap before
{Heap before GC invocations=20 (full 0):
 garbage-first heap   total reserved 1048576K, committed 97280K, used 58089K [0x00000000c0000000, 0x0000000100000000)
  region size 1024K, 6 young (6144K), 5 survivors (5120K)
 Metaspace       used 59140K, committed 61120K, reserved 278528K
  class space    used 8767K, committed 9728K, reserved 212992K
}
Event: 72.409 GC heap after
{Heap after GC invocations=21 (full 0):
 garbage-first heap   total reserved 1048576K, committed 97280K, used 57386K [0x00000000c0000000, 0x0000000100000000)
  region size 1024K, 1 young (1024K), 1 survivors (1024K)
 Metaspace       used 59140K, committed 61120K, reserved 278528K
  class space    used 8767K, committed 9728K, reserved 212992K
}

